{"contracts/NewContract.sol":{"l":{"11":1,"19":0},"path":"/Users/ahmed/PycharmProjects/play-with-solcoverage/contracts/NewContract.sol","s":{"1":1,"2":0},"b":{},"f":{"1":1,"2":0},"fnMap":{"1":{"name":"sum","line":6,"loc":{"start":{"line":6,"column":4},"end":{"line":10,"column":5}}},"2":{"name":"sub","line":14,"loc":{"start":{"line":14,"column":4},"end":{"line":18,"column":5}}}},"statementMap":{"1":{"start":{"line":11,"column":8},"end":{"line":11,"column":20}},"2":{"start":{"line":19,"column":8},"end":{"line":19,"column":20}}},"branchMap":{}}}